2024-12-26 13:38:13,262 - INFO - GM_norm
2024-12-26 13:38:13,262 - INFO - fas
2024-12-26 13:38:13,262 - INFO - psycholinguistic
2024-12-26 13:38:13,281 - INFO - lasso
2024-12-26 13:38:48,879 - INFO - ridge
2024-12-26 13:39:12,118 - INFO - elastic
2024-12-26 13:39:36,165 - INFO - svr
2024-12-26 13:39:59,768 - INFO - xgb
2024-12-26 13:45:28,164 - INFO - GM_norm
2024-12-26 13:45:28,164 - INFO - fas
2024-12-26 13:45:28,164 - INFO - speech-timing
2024-12-26 13:45:28,177 - INFO - lasso
2024-12-26 13:45:43,271 - INFO - ridge
2024-12-26 13:45:55,703 - INFO - elastic
2024-12-26 13:46:09,171 - INFO - svr
2024-12-26 13:46:24,856 - INFO - xgb
2024-12-26 13:49:21,444 - INFO - GM_norm
2024-12-26 13:49:21,444 - INFO - fas
2024-12-26 13:49:21,444 - INFO - psycholinguistic__speech-timing
2024-12-26 13:49:21,460 - INFO - lasso
2024-12-26 13:49:52,754 - INFO - ridge
2024-12-26 13:50:22,541 - INFO - elastic
2024-12-26 13:50:53,812 - INFO - svr
2024-12-26 13:51:25,344 - INFO - xgb
2024-12-26 13:58:10,100 - INFO - GM_norm
2024-12-26 13:58:10,100 - INFO - animales
2024-12-26 13:58:10,100 - INFO - psycholinguistic
2024-12-26 13:58:10,116 - INFO - lasso
2024-12-26 13:58:29,181 - INFO - ridge
2024-12-26 13:58:47,147 - INFO - elastic
2024-12-26 13:59:05,602 - INFO - svr
2024-12-26 13:59:24,211 - INFO - xgb
2024-12-26 14:05:25,077 - INFO - GM_norm
2024-12-26 14:05:25,077 - INFO - animales
2024-12-26 14:05:25,077 - INFO - speech-timing
2024-12-26 14:05:25,093 - INFO - lasso
2024-12-26 14:05:39,927 - INFO - ridge
2024-12-26 14:05:55,755 - INFO - elastic
2024-12-26 14:06:09,478 - INFO - svr
2024-12-26 14:06:22,387 - INFO - xgb
2024-12-26 14:08:26,530 - INFO - GM_norm
2024-12-26 14:08:26,530 - INFO - animales
2024-12-26 14:08:26,531 - INFO - psycholinguistic__speech-timing
2024-12-26 14:08:26,545 - INFO - lasso
2024-12-26 14:08:53,676 - INFO - ridge
2024-12-26 14:09:18,347 - INFO - elastic
2024-12-26 14:09:45,727 - INFO - svr
2024-12-26 14:10:12,785 - INFO - xgb
2024-12-26 14:17:16,426 - INFO - GM_norm
2024-12-26 14:17:16,426 - INFO - fas__animales
2024-12-26 14:17:16,426 - INFO - psycholinguistic
2024-12-26 14:17:16,444 - INFO - lasso
2024-12-26 14:17:43,332 - INFO - ridge
2024-12-26 14:18:08,969 - INFO - elastic
2024-12-26 14:18:35,393 - INFO - svr
2024-12-26 14:19:00,296 - INFO - xgb
2024-12-26 14:26:23,509 - INFO - GM_norm
2024-12-26 14:26:23,510 - INFO - fas__animales
2024-12-26 14:26:23,510 - INFO - speech-timing
2024-12-26 14:26:23,527 - INFO - lasso
2024-12-26 14:26:47,662 - INFO - ridge
2024-12-26 14:27:11,107 - INFO - elastic
2024-12-26 14:27:36,780 - INFO - svr
2024-12-26 14:28:01,256 - INFO - xgb
2024-12-26 14:38:25,383 - ERROR - Traceback (most recent call last):

2024-12-26 14:38:25,383 - ERROR -   File "/Users/gp/scripts/shared/train_models.py", line 196, in <module>

2024-12-26 14:38:25,383 - ERROR - dimensions = single_dimensions[project_name][task]
2024-12-26 14:38:25,383 - ERROR - ~
2024-12-26 14:38:25,383 - ERROR - ~
2024-12-26 14:38:25,383 - ERROR - ~
2024-12-26 14:38:25,384 - ERROR - ~
2024-12-26 14:38:25,384 - ERROR - ~
2024-12-26 14:38:25,384 - ERROR - ~
2024-12-26 14:38:25,384 - ERROR - ~
2024-12-26 14:38:25,384 - ERROR - ~
2024-12-26 14:38:25,384 - ERROR - ~
2024-12-26 14:38:25,384 - ERROR - ~
2024-12-26 14:38:25,384 - ERROR - ~
2024-12-26 14:38:25,384 - ERROR - ~
2024-12-26 14:38:25,384 - ERROR - ~
2024-12-26 14:38:25,384 - ERROR - ~
2024-12-26 14:38:25,384 - ERROR - ~
2024-12-26 14:38:25,384 - ERROR - ~
2024-12-26 14:38:25,384 - ERROR - ~
2024-12-26 14:38:25,384 - ERROR - ~
2024-12-26 14:38:25,384 - ERROR - ~
2024-12-26 14:38:25,384 - ERROR - ~
2024-12-26 14:38:25,384 - ERROR - ~
2024-12-26 14:38:25,384 - ERROR - ~
2024-12-26 14:38:25,384 - ERROR - ~
2024-12-26 14:38:25,384 - ERROR - ~
2024-12-26 14:38:25,384 - ERROR - ~
2024-12-26 14:38:25,384 - ERROR - ~
2024-12-26 14:38:25,384 - ERROR - ~
2024-12-26 14:38:25,384 - ERROR - ~
2024-12-26 14:38:25,384 - ERROR - ~
2024-12-26 14:38:25,384 - ERROR - ~
2024-12-26 14:38:25,384 - ERROR - ~
2024-12-26 14:38:25,384 - ERROR - ^
2024-12-26 14:38:25,384 - ERROR - ^
2024-12-26 14:38:25,384 - ERROR - ^
2024-12-26 14:38:25,384 - ERROR - ^
2024-12-26 14:38:25,384 - ERROR - ^
2024-12-26 14:38:25,384 - ERROR - ^
2024-12-26 14:38:25,384 - ERROR - KeyError
2024-12-26 14:38:25,384 - ERROR - : 
2024-12-26 14:38:25,384 - ERROR - 'cog_neuropsico_digits'
2024-12-26 14:40:04,270 - INFO - target
2024-12-26 14:40:04,270 - INFO - cog
2024-12-26 14:40:04,271 - INFO - neuropsico_digits
2024-12-26 14:40:04,277 - INFO - lr
2024-12-26 14:40:08,069 - INFO - svc
2024-12-26 14:40:09,048 - INFO - knnc
2024-12-26 14:40:09,644 - INFO - xgb
2024-12-26 14:40:17,761 - INFO - target
2024-12-26 14:40:17,761 - INFO - cog
2024-12-26 14:40:17,761 - INFO - neuropsico_tmt
2024-12-26 14:40:17,764 - INFO - lr
2024-12-26 14:40:29,900 - INFO - svc
2024-12-26 14:40:49,683 - INFO - knnc
2024-12-26 14:41:02,363 - INFO - xgb
